2025-11-07 18:51:28,136 - INFO - CUDA is available. Using GPU.
2025-11-07 18:52:31,471 - INFO - Starting training...
2025-11-07 18:52:31,524 - INFO - package: mysql.connector.plugins
2025-11-07 18:52:31,524 - INFO - plugin_name: mysql_native_password
2025-11-07 18:52:31,525 - INFO - AUTHENTICATION_PLUGIN_CLASS: MySQLNativePasswordAuthPlugin
2025-11-07 18:52:31,531 - ERROR - Error connecting to MySQL: 1049 (42000): Unknown database 'IMAGE'
2025-11-07 18:52:31,531 - ERROR - Application error: 1049 (42000): Unknown database 'IMAGE'
2025-11-07 18:52:31,531 - INFO - Cleanup completed
2025-11-07 18:55:49,382 - INFO - CUDA is available. Using GPU.
2025-11-07 18:56:06,266 - INFO - Starting training...
2025-11-07 18:56:06,699 - INFO - Epoch [0/5], Step [0/937], D Loss: 0.6867, G Loss: 0.6829
2025-11-07 18:56:07,269 - INFO - Epoch [0/5], Step [100/937], D Loss: 0.6736, G Loss: 0.7569
2025-11-07 18:56:07,787 - INFO - Epoch [0/5], Step [200/937], D Loss: 0.6419, G Loss: 0.9684
2025-11-07 18:56:08,345 - INFO - Epoch [0/5], Step [300/937], D Loss: 0.5184, G Loss: 1.0849
2025-11-07 18:56:08,857 - INFO - Epoch [0/5], Step [400/937], D Loss: 0.4400, G Loss: 1.3309
2025-11-07 18:56:09,407 - INFO - Epoch [0/5], Step [500/937], D Loss: 0.5021, G Loss: 1.4742
2025-11-07 18:56:09,919 - INFO - Epoch [0/5], Step [600/937], D Loss: 0.1992, G Loss: 2.6889
2025-11-07 18:56:10,424 - INFO - Epoch [0/5], Step [700/937], D Loss: 0.3705, G Loss: 2.9618
2025-11-07 18:56:10,920 - INFO - Epoch [0/5], Step [800/937], D Loss: 0.1662, G Loss: 2.7757
2025-11-07 18:56:11,462 - INFO - Epoch [0/5], Step [900/937], D Loss: 0.3076, G Loss: 3.9552
2025-11-07 18:56:11,685 - INFO - Saved checkpoint at epoch 0
2025-11-07 18:56:11,749 - INFO - Epoch [1/5], Step [0/937], D Loss: 0.6581, G Loss: 2.4432
2025-11-07 18:56:12,343 - INFO - Epoch [1/5], Step [100/937], D Loss: 0.2138, G Loss: 2.9912
2025-11-07 18:56:12,946 - INFO - Epoch [1/5], Step [200/937], D Loss: 0.3968, G Loss: 1.4114
2025-11-07 18:56:13,587 - INFO - Epoch [1/5], Step [300/937], D Loss: 0.5284, G Loss: 4.4376
2025-11-07 18:56:14,164 - INFO - Epoch [1/5], Step [400/937], D Loss: 0.0674, G Loss: 3.4902
2025-11-07 18:56:14,738 - INFO - Epoch [1/5], Step [500/937], D Loss: 0.1700, G Loss: 3.6429
2025-11-07 18:56:15,297 - INFO - Epoch [1/5], Step [600/937], D Loss: 0.3332, G Loss: 3.0445
2025-11-07 18:56:15,857 - INFO - Epoch [1/5], Step [700/937], D Loss: 0.3889, G Loss: 2.1495
2025-11-07 18:56:16,402 - INFO - Epoch [1/5], Step [800/937], D Loss: 0.5041, G Loss: 2.4318
2025-11-07 18:56:16,959 - INFO - Epoch [1/5], Step [900/937], D Loss: 0.2156, G Loss: 3.2486
2025-11-07 18:56:17,216 - INFO - Saved checkpoint at epoch 1
2025-11-07 18:56:17,291 - INFO - Epoch [2/5], Step [0/937], D Loss: 0.1364, G Loss: 2.8684
2025-11-07 18:56:17,888 - INFO - Epoch [2/5], Step [100/937], D Loss: 0.3527, G Loss: 3.5113
2025-11-07 18:56:18,472 - INFO - Epoch [2/5], Step [200/937], D Loss: 0.2825, G Loss: 4.6895
2025-11-07 18:56:19,030 - INFO - Epoch [2/5], Step [300/937], D Loss: 0.2200, G Loss: 3.4708
2025-11-07 18:56:19,618 - INFO - Epoch [2/5], Step [400/937], D Loss: 0.3038, G Loss: 3.1347
2025-11-07 18:56:20,181 - INFO - Epoch [2/5], Step [500/937], D Loss: 0.1584, G Loss: 2.7757
2025-11-07 18:56:20,761 - INFO - Epoch [2/5], Step [600/937], D Loss: 0.3305, G Loss: 2.5029
2025-11-07 18:56:21,346 - INFO - Epoch [2/5], Step [700/937], D Loss: 0.1979, G Loss: 2.1559
2025-11-07 18:56:21,963 - INFO - Epoch [2/5], Step [800/937], D Loss: 0.2144, G Loss: 2.6585
2025-11-07 18:56:22,586 - INFO - Epoch [2/5], Step [900/937], D Loss: 0.2143, G Loss: 2.5003
2025-11-07 18:56:22,897 - INFO - Saved checkpoint at epoch 2
2025-11-07 18:56:22,977 - INFO - Epoch [3/5], Step [0/937], D Loss: 0.1519, G Loss: 3.3997
2025-11-07 18:56:23,638 - INFO - Epoch [3/5], Step [100/937], D Loss: 0.2411, G Loss: 2.3572
2025-11-07 18:56:24,265 - INFO - Epoch [3/5], Step [200/937], D Loss: 0.2043, G Loss: 2.4419
2025-11-07 18:56:24,896 - INFO - Epoch [3/5], Step [300/937], D Loss: 0.1706, G Loss: 3.4491
2025-11-07 18:56:25,533 - INFO - Epoch [3/5], Step [400/937], D Loss: 0.2272, G Loss: 3.6196
2025-11-07 18:56:26,152 - INFO - Epoch [3/5], Step [500/937], D Loss: 0.3679, G Loss: 2.2510
2025-11-07 18:56:26,820 - INFO - Epoch [3/5], Step [600/937], D Loss: 0.3419, G Loss: 2.4857
2025-11-07 18:56:27,391 - INFO - Epoch [3/5], Step [700/937], D Loss: 0.5154, G Loss: 8.0729
2025-11-07 18:56:28,019 - INFO - Epoch [3/5], Step [800/937], D Loss: 0.2707, G Loss: 3.6315
2025-11-07 18:56:28,636 - INFO - Epoch [3/5], Step [900/937], D Loss: 0.8273, G Loss: 9.5367
2025-11-07 18:56:28,888 - INFO - Saved checkpoint at epoch 3
2025-11-07 18:56:28,964 - INFO - Epoch [4/5], Step [0/937], D Loss: 0.0944, G Loss: 3.6000
2025-11-07 18:56:29,587 - INFO - Epoch [4/5], Step [100/937], D Loss: 0.3827, G Loss: 1.6290
2025-11-07 18:56:30,182 - INFO - Epoch [4/5], Step [200/937], D Loss: 0.2034, G Loss: 2.3455
2025-11-07 18:56:30,807 - INFO - Epoch [4/5], Step [300/937], D Loss: 0.4035, G Loss: 2.1522
2025-11-07 18:56:31,449 - INFO - Epoch [4/5], Step [400/937], D Loss: 0.3336, G Loss: 4.4115
2025-11-07 18:56:32,117 - INFO - Epoch [4/5], Step [500/937], D Loss: 0.1349, G Loss: 3.1197
2025-11-07 18:56:32,784 - INFO - Epoch [4/5], Step [600/937], D Loss: 0.9007, G Loss: 4.9374
2025-11-07 18:56:33,402 - INFO - Epoch [4/5], Step [700/937], D Loss: 46.6845, G Loss: 0.0000
2025-11-07 18:56:34,004 - INFO - Epoch [4/5], Step [800/937], D Loss: 0.1664, G Loss: 3.2097
2025-11-07 18:56:34,622 - INFO - Epoch [4/5], Step [900/937], D Loss: 0.2247, G Loss: 2.6794
2025-11-07 18:56:34,877 - INFO - Saved checkpoint at epoch 4
2025-11-07 18:56:34,877 - INFO - Training completed successfully
2025-11-07 18:56:34,877 - INFO - Cleanup completed
2025-11-07 18:57:25,789 - INFO - CUDA is available. Using GPU.
2025-11-07 18:57:26,029 - INFO - Loaded checkpoint from: checkpoints/latest_checkpoint.pth
2025-11-07 18:57:26,030 - INFO - Starting training...
2025-11-07 18:57:26,296 - INFO - Epoch [0/20], Step [0/937], D Loss: 0.1484, G Loss: 0.9169
2025-11-07 18:57:26,852 - INFO - Epoch [0/20], Step [100/937], D Loss: 0.1862, G Loss: 5.0066
2025-11-07 18:57:27,382 - INFO - Epoch [0/20], Step [200/937], D Loss: 0.1050, G Loss: 3.4667
2025-11-07 18:57:27,880 - INFO - Epoch [0/20], Step [300/937], D Loss: 0.9728, G Loss: 9.1632
2025-11-07 18:57:28,435 - INFO - Epoch [0/20], Step [400/937], D Loss: 0.3540, G Loss: 3.1383
2025-11-07 18:57:28,991 - INFO - Epoch [0/20], Step [500/937], D Loss: 0.2085, G Loss: 2.7089
2025-11-07 18:57:29,540 - INFO - Epoch [0/20], Step [600/937], D Loss: 0.1322, G Loss: 5.0598
2025-11-07 18:57:30,042 - INFO - Epoch [0/20], Step [700/937], D Loss: 0.2065, G Loss: 2.8116
2025-11-07 18:57:30,581 - INFO - Epoch [0/20], Step [800/937], D Loss: 0.1498, G Loss: 3.6393
2025-11-07 18:57:31,140 - INFO - Epoch [0/20], Step [900/937], D Loss: 0.2806, G Loss: 3.4923
2025-11-07 18:57:31,386 - INFO - Saved checkpoint at epoch 0
2025-11-07 18:57:31,452 - INFO - Epoch [1/20], Step [0/937], D Loss: 0.2107, G Loss: 3.3152
2025-11-07 18:57:31,981 - INFO - Epoch [1/20], Step [100/937], D Loss: 0.0866, G Loss: 3.2056
2025-11-07 18:57:32,565 - INFO - Epoch [1/20], Step [200/937], D Loss: 0.1920, G Loss: 3.5212
2025-11-07 18:57:33,095 - INFO - Epoch [1/20], Step [300/937], D Loss: 0.2617, G Loss: 2.0538
2025-11-07 18:57:33,703 - INFO - Epoch [1/20], Step [400/937], D Loss: 0.1218, G Loss: 1.9077
2025-11-07 18:57:34,267 - INFO - Epoch [1/20], Step [500/937], D Loss: 0.1858, G Loss: 1.8195
2025-11-07 18:57:34,816 - INFO - Epoch [1/20], Step [600/937], D Loss: 0.0380, G Loss: 5.9010
2025-11-07 18:57:35,386 - INFO - Epoch [1/20], Step [700/937], D Loss: 0.0003, G Loss: 7.6271
2025-11-07 18:57:35,948 - INFO - Epoch [1/20], Step [800/937], D Loss: 0.0016, G Loss: 6.4447
2025-11-07 18:57:36,506 - INFO - Epoch [1/20], Step [900/937], D Loss: 0.0461, G Loss: 5.8860
2025-11-07 18:57:36,778 - INFO - Saved checkpoint at epoch 1
2025-11-07 18:57:36,850 - INFO - Epoch [2/20], Step [0/937], D Loss: 0.0389, G Loss: 4.2989
2025-11-07 18:57:37,428 - INFO - Epoch [2/20], Step [100/937], D Loss: 0.0162, G Loss: 5.2763
2025-11-07 18:57:38,009 - INFO - Epoch [2/20], Step [200/937], D Loss: 0.0261, G Loss: 4.7115
2025-11-07 18:57:38,561 - INFO - Epoch [2/20], Step [300/937], D Loss: 0.0927, G Loss: 4.4534
2025-11-07 18:57:39,116 - INFO - Epoch [2/20], Step [400/937], D Loss: 0.0317, G Loss: 4.2718
2025-11-07 18:57:39,678 - INFO - Epoch [2/20], Step [500/937], D Loss: 0.0694, G Loss: 3.6696
2025-11-07 18:57:40,239 - INFO - Epoch [2/20], Step [600/937], D Loss: 0.0127, G Loss: 5.0001
2025-11-07 18:57:40,801 - INFO - Epoch [2/20], Step [700/937], D Loss: 0.0089, G Loss: 5.2054
2025-11-07 18:57:41,343 - INFO - Epoch [2/20], Step [800/937], D Loss: 0.1689, G Loss: 2.8266
2025-11-07 18:57:41,920 - INFO - Epoch [2/20], Step [900/937], D Loss: 0.0246, G Loss: 5.0135
2025-11-07 18:57:42,159 - INFO - Saved checkpoint at epoch 2
2025-11-07 18:57:42,221 - INFO - Epoch [3/20], Step [0/937], D Loss: 0.0133, G Loss: 4.7411
2025-11-07 18:57:42,792 - INFO - Epoch [3/20], Step [100/937], D Loss: 0.0023, G Loss: 6.7470
2025-11-07 18:57:43,360 - INFO - Epoch [3/20], Step [200/937], D Loss: 0.0003, G Loss: 8.2095
2025-11-07 18:57:43,943 - INFO - Epoch [3/20], Step [300/937], D Loss: 0.0002, G Loss: 7.7534
2025-11-07 18:57:44,501 - INFO - Epoch [3/20], Step [400/937], D Loss: 0.0001, G Loss: 8.4420
2025-11-07 18:57:45,102 - INFO - Epoch [3/20], Step [500/937], D Loss: 0.0002, G Loss: 8.0130
2025-11-07 18:57:45,680 - INFO - Epoch [3/20], Step [600/937], D Loss: 0.0002, G Loss: 8.4015
2025-11-07 18:57:46,277 - INFO - Epoch [3/20], Step [700/937], D Loss: 0.0007, G Loss: 7.1849
2025-11-07 18:57:46,877 - INFO - Epoch [3/20], Step [800/937], D Loss: 0.0002, G Loss: 8.1344
2025-11-07 18:57:47,457 - INFO - Epoch [3/20], Step [900/937], D Loss: 0.0001, G Loss: 8.9921
2025-11-07 18:57:47,725 - INFO - Saved checkpoint at epoch 3
2025-11-07 18:57:47,793 - INFO - Epoch [4/20], Step [0/937], D Loss: 0.0001, G Loss: 8.8533
2025-11-07 18:57:48,367 - INFO - Epoch [4/20], Step [100/937], D Loss: 0.0001, G Loss: 9.9381
2025-11-07 18:57:48,975 - INFO - Epoch [4/20], Step [200/937], D Loss: 0.0000, G Loss: 10.8323
2025-11-07 18:57:49,575 - INFO - Epoch [4/20], Step [300/937], D Loss: 0.0000, G Loss: 10.8480
2025-11-07 18:57:50,177 - INFO - Epoch [4/20], Step [400/937], D Loss: 0.0000, G Loss: 11.4275
2025-11-07 18:57:50,782 - INFO - Epoch [4/20], Step [500/937], D Loss: 0.0000, G Loss: 11.4480
2025-11-07 18:57:51,392 - INFO - Epoch [4/20], Step [600/937], D Loss: 0.0000, G Loss: 10.6557
2025-11-07 18:57:51,972 - INFO - Epoch [4/20], Step [700/937], D Loss: 0.0000, G Loss: 10.7701
2025-11-07 18:57:52,583 - INFO - Epoch [4/20], Step [800/937], D Loss: 0.0000, G Loss: 11.5421
2025-11-07 18:57:53,178 - INFO - Epoch [4/20], Step [900/937], D Loss: 0.0000, G Loss: 9.4901
2025-11-07 18:57:53,445 - INFO - Saved checkpoint at epoch 4
2025-11-07 18:57:53,516 - INFO - Epoch [5/20], Step [0/937], D Loss: 0.0000, G Loss: 10.2964
2025-11-07 18:57:54,136 - INFO - Epoch [5/20], Step [100/937], D Loss: 0.0000, G Loss: 10.3355
2025-11-07 18:57:54,719 - INFO - Epoch [5/20], Step [200/937], D Loss: 0.0000, G Loss: 10.4866
2025-11-07 18:57:55,325 - INFO - Epoch [5/20], Step [300/937], D Loss: 0.0000, G Loss: 10.5621
2025-11-07 18:57:55,927 - INFO - Epoch [5/20], Step [400/937], D Loss: 0.0000, G Loss: 11.2053
2025-11-07 18:57:56,534 - INFO - Epoch [5/20], Step [500/937], D Loss: 0.0000, G Loss: 11.0401
2025-11-07 18:57:57,123 - INFO - Epoch [5/20], Step [600/937], D Loss: 0.0000, G Loss: 10.0129
2025-11-07 18:57:57,717 - INFO - Epoch [5/20], Step [700/937], D Loss: 0.0000, G Loss: 11.2116
2025-11-07 18:57:58,326 - INFO - Epoch [5/20], Step [800/937], D Loss: 0.0000, G Loss: 11.0808
2025-11-07 18:57:58,936 - INFO - Epoch [5/20], Step [900/937], D Loss: 0.0000, G Loss: 10.5602
2025-11-07 18:57:59,185 - INFO - Saved checkpoint at epoch 5
2025-11-07 18:57:59,253 - INFO - Epoch [6/20], Step [0/937], D Loss: 0.0000, G Loss: 10.2443
2025-11-07 18:57:59,867 - INFO - Epoch [6/20], Step [100/937], D Loss: 0.0001, G Loss: 9.2869
2025-11-07 18:58:00,470 - INFO - Epoch [6/20], Step [200/937], D Loss: 0.0000, G Loss: 74.9555
2025-11-07 18:58:01,052 - INFO - Epoch [6/20], Step [300/937], D Loss: 0.0000, G Loss: 74.6948
2025-11-07 18:58:01,715 - INFO - Epoch [6/20], Step [400/937], D Loss: 0.0000, G Loss: 74.8944
2025-11-07 18:58:02,367 - INFO - Epoch [6/20], Step [500/937], D Loss: 0.0000, G Loss: 74.8316
2025-11-07 18:58:03,016 - INFO - Epoch [6/20], Step [600/937], D Loss: 0.0000, G Loss: 75.0289
2025-11-07 18:58:03,609 - INFO - Epoch [6/20], Step [700/937], D Loss: 0.0000, G Loss: 75.0821
2025-11-07 18:58:04,231 - INFO - Epoch [6/20], Step [800/937], D Loss: 0.0000, G Loss: 74.8282
2025-11-07 18:58:04,895 - INFO - Epoch [6/20], Step [900/937], D Loss: 0.0000, G Loss: 75.0035
2025-11-07 18:58:05,165 - INFO - Saved checkpoint at epoch 6
2025-11-07 18:58:05,244 - INFO - Epoch [7/20], Step [0/937], D Loss: 0.0000, G Loss: 74.9141
2025-11-07 18:58:05,924 - INFO - Epoch [7/20], Step [100/937], D Loss: 0.0000, G Loss: 74.8701
2025-11-07 18:58:06,569 - INFO - Epoch [7/20], Step [200/937], D Loss: 0.0000, G Loss: 74.8629
2025-11-07 18:58:07,196 - INFO - Epoch [7/20], Step [300/937], D Loss: 0.0000, G Loss: 74.9287
2025-11-07 18:58:07,825 - INFO - Epoch [7/20], Step [400/937], D Loss: 0.0000, G Loss: 74.8733
2025-11-07 18:58:08,469 - INFO - Epoch [7/20], Step [500/937], D Loss: 0.0000, G Loss: 74.9120
2025-11-07 18:58:09,116 - INFO - Epoch [7/20], Step [600/937], D Loss: 0.0000, G Loss: 74.8528
2025-11-07 18:58:09,783 - INFO - Epoch [7/20], Step [700/937], D Loss: 0.0000, G Loss: 74.8258
2025-11-07 18:58:10,478 - INFO - Epoch [7/20], Step [800/937], D Loss: 0.0000, G Loss: 74.8904
2025-11-07 18:58:11,102 - INFO - Epoch [7/20], Step [900/937], D Loss: 0.0000, G Loss: 74.8737
2025-11-07 18:58:11,371 - INFO - Saved checkpoint at epoch 7
2025-11-07 18:58:11,439 - INFO - Epoch [8/20], Step [0/937], D Loss: 0.0000, G Loss: 74.8244
2025-11-07 18:58:12,045 - INFO - Epoch [8/20], Step [100/937], D Loss: 0.0000, G Loss: 74.6498
2025-11-07 18:58:12,658 - INFO - Epoch [8/20], Step [200/937], D Loss: 0.0000, G Loss: 74.9520
2025-11-07 18:58:13,255 - INFO - Epoch [8/20], Step [300/937], D Loss: 0.0000, G Loss: 74.9639
2025-11-07 18:58:13,905 - INFO - Epoch [8/20], Step [400/937], D Loss: 0.0000, G Loss: 74.6966
2025-11-07 18:58:14,584 - INFO - Epoch [8/20], Step [500/937], D Loss: 0.0000, G Loss: 74.9746
2025-11-07 18:58:15,218 - INFO - Epoch [8/20], Step [600/937], D Loss: 0.0000, G Loss: 74.9405
2025-11-07 18:58:15,848 - INFO - Epoch [8/20], Step [700/937], D Loss: 0.0000, G Loss: 74.6445
2025-11-07 18:58:16,480 - INFO - Epoch [8/20], Step [800/937], D Loss: 0.0000, G Loss: 75.1380
2025-11-07 18:58:17,077 - INFO - Epoch [8/20], Step [900/937], D Loss: 0.0000, G Loss: 74.8390
2025-11-07 18:58:17,340 - INFO - Saved checkpoint at epoch 8
2025-11-07 18:58:17,414 - INFO - Epoch [9/20], Step [0/937], D Loss: 0.0000, G Loss: 74.8866
2025-11-07 18:58:18,063 - INFO - Epoch [9/20], Step [100/937], D Loss: 0.0000, G Loss: 74.7664
2025-11-07 18:58:18,750 - INFO - Epoch [9/20], Step [200/937], D Loss: 0.0000, G Loss: 74.8462
2025-11-07 18:58:19,370 - INFO - Epoch [9/20], Step [300/937], D Loss: 0.0000, G Loss: 74.8324
2025-11-07 18:58:19,983 - INFO - Epoch [9/20], Step [400/937], D Loss: 0.0000, G Loss: 74.8041
2025-11-07 18:58:20,641 - INFO - Epoch [9/20], Step [500/937], D Loss: 0.0000, G Loss: 74.9526
2025-11-07 18:58:21,309 - INFO - Epoch [9/20], Step [600/937], D Loss: 0.0000, G Loss: 74.9931
2025-11-07 18:58:22,000 - INFO - Epoch [9/20], Step [700/937], D Loss: 0.0000, G Loss: 74.7294
2025-11-07 18:58:22,617 - INFO - Epoch [9/20], Step [800/937], D Loss: 0.0000, G Loss: 74.8949
2025-11-07 18:58:23,247 - INFO - Epoch [9/20], Step [900/937], D Loss: 0.0000, G Loss: 74.8300
2025-11-07 18:58:23,511 - INFO - Saved checkpoint at epoch 9
2025-11-07 18:58:23,589 - INFO - Epoch [10/20], Step [0/937], D Loss: 0.0000, G Loss: 75.0591
2025-11-07 18:58:24,269 - INFO - Epoch [10/20], Step [100/937], D Loss: 0.0000, G Loss: 74.8212
2025-11-07 18:58:24,867 - INFO - Epoch [10/20], Step [200/937], D Loss: 0.0000, G Loss: 74.7512
2025-11-07 18:58:25,496 - INFO - Epoch [10/20], Step [300/937], D Loss: 0.0000, G Loss: 74.8758
2025-11-07 18:58:26,161 - INFO - Epoch [10/20], Step [400/937], D Loss: 0.0000, G Loss: 75.0134
2025-11-07 18:58:26,778 - INFO - Epoch [10/20], Step [500/937], D Loss: 0.0000, G Loss: 74.9208
2025-11-07 18:58:27,390 - INFO - Epoch [10/20], Step [600/937], D Loss: 0.0000, G Loss: 74.7017
2025-11-07 18:58:28,036 - INFO - Epoch [10/20], Step [700/937], D Loss: 0.0000, G Loss: 74.9291
2025-11-07 18:58:28,734 - INFO - Epoch [10/20], Step [800/937], D Loss: 0.0000, G Loss: 74.7650
2025-11-07 18:58:29,477 - INFO - Epoch [10/20], Step [900/937], D Loss: 0.0000, G Loss: 74.9190
2025-11-07 18:58:29,757 - INFO - Saved checkpoint at epoch 10
2025-11-07 18:58:29,832 - INFO - Epoch [11/20], Step [0/937], D Loss: 0.0000, G Loss: 74.9620
2025-11-07 18:58:30,509 - INFO - Epoch [11/20], Step [100/937], D Loss: 0.0000, G Loss: 74.7839
2025-11-07 18:58:31,132 - INFO - Epoch [11/20], Step [200/937], D Loss: 0.0000, G Loss: 74.9497
2025-11-07 18:58:31,787 - INFO - Epoch [11/20], Step [300/937], D Loss: 0.0000, G Loss: 75.0429
2025-11-07 18:58:32,399 - INFO - Epoch [11/20], Step [400/937], D Loss: 0.0000, G Loss: 74.8436
2025-11-07 18:58:33,022 - INFO - Epoch [11/20], Step [500/937], D Loss: 0.0000, G Loss: 74.7765
2025-11-07 18:58:33,620 - INFO - Epoch [11/20], Step [600/937], D Loss: 0.0000, G Loss: 74.6897
2025-11-07 18:58:34,220 - INFO - Epoch [11/20], Step [700/937], D Loss: 0.0000, G Loss: 74.9895
2025-11-07 18:58:34,789 - INFO - Epoch [11/20], Step [800/937], D Loss: 0.0000, G Loss: 74.9229
2025-11-07 18:58:35,374 - INFO - Epoch [11/20], Step [900/937], D Loss: 0.0000, G Loss: 74.8786
2025-11-07 18:58:35,615 - INFO - Saved checkpoint at epoch 11
2025-11-07 18:58:35,685 - INFO - Epoch [12/20], Step [0/937], D Loss: 0.0000, G Loss: 74.9235
2025-11-07 18:58:36,264 - INFO - Epoch [12/20], Step [100/937], D Loss: 0.0000, G Loss: 74.9231
2025-11-07 18:58:36,839 - INFO - Epoch [12/20], Step [200/937], D Loss: 0.0000, G Loss: 74.6544
2025-11-07 18:58:37,407 - INFO - Epoch [12/20], Step [300/937], D Loss: 0.0000, G Loss: 74.7729
2025-11-07 18:58:38,001 - INFO - Epoch [12/20], Step [400/937], D Loss: 0.0000, G Loss: 74.7911
2025-11-07 18:58:38,627 - INFO - Epoch [12/20], Step [500/937], D Loss: 0.0000, G Loss: 74.9354
2025-11-07 18:58:39,222 - INFO - Epoch [12/20], Step [600/937], D Loss: 0.0000, G Loss: 74.8744
2025-11-07 18:58:39,788 - INFO - Epoch [12/20], Step [700/937], D Loss: 0.0000, G Loss: 74.7468
2025-11-07 18:58:40,347 - INFO - Epoch [12/20], Step [800/937], D Loss: 0.0000, G Loss: 74.8517
2025-11-07 18:58:40,924 - INFO - Epoch [12/20], Step [900/937], D Loss: 0.0000, G Loss: 74.9026
2025-11-07 18:58:41,196 - INFO - Saved checkpoint at epoch 12
2025-11-07 18:58:41,271 - INFO - Epoch [13/20], Step [0/937], D Loss: 0.0000, G Loss: 74.7925
2025-11-07 18:58:41,914 - INFO - Epoch [13/20], Step [100/937], D Loss: 0.0000, G Loss: 75.0291
2025-11-07 18:58:42,524 - INFO - Epoch [13/20], Step [200/937], D Loss: 0.0000, G Loss: 74.7118
2025-11-07 18:58:43,175 - INFO - Epoch [13/20], Step [300/937], D Loss: 0.0000, G Loss: 74.6403
2025-11-07 18:58:43,774 - INFO - Epoch [13/20], Step [400/937], D Loss: 0.0000, G Loss: 74.9256
2025-11-07 18:58:44,348 - INFO - Epoch [13/20], Step [500/937], D Loss: 0.0000, G Loss: 74.7148
2025-11-07 18:58:44,939 - INFO - Epoch [13/20], Step [600/937], D Loss: 0.0000, G Loss: 74.8426
2025-11-07 18:58:45,569 - INFO - Epoch [13/20], Step [700/937], D Loss: 0.0000, G Loss: 74.9047
2025-11-07 18:58:46,165 - INFO - Epoch [13/20], Step [800/937], D Loss: 0.0000, G Loss: 74.7327
2025-11-07 18:58:46,840 - INFO - Epoch [13/20], Step [900/937], D Loss: 0.0000, G Loss: 74.8394
2025-11-07 18:58:47,115 - INFO - Saved checkpoint at epoch 13
2025-11-07 18:58:47,187 - INFO - Epoch [14/20], Step [0/937], D Loss: 0.0000, G Loss: 74.9665
2025-11-07 18:58:47,784 - INFO - Epoch [14/20], Step [100/937], D Loss: 0.0000, G Loss: 74.9087
2025-11-07 18:58:48,412 - INFO - Epoch [14/20], Step [200/937], D Loss: 0.0000, G Loss: 74.9460
2025-11-07 18:58:49,019 - INFO - Epoch [14/20], Step [300/937], D Loss: 0.0000, G Loss: 74.8534
2025-11-07 18:58:49,618 - INFO - Epoch [14/20], Step [400/937], D Loss: 0.0000, G Loss: 74.9072
2025-11-07 18:58:50,220 - INFO - Epoch [14/20], Step [500/937], D Loss: 0.0000, G Loss: 74.9312
2025-11-07 18:58:50,797 - INFO - Epoch [14/20], Step [600/937], D Loss: 0.0000, G Loss: 74.8271
2025-11-07 18:58:51,373 - INFO - Epoch [14/20], Step [700/937], D Loss: 0.0000, G Loss: 74.8483
2025-11-07 18:58:51,966 - INFO - Epoch [14/20], Step [800/937], D Loss: 0.0000, G Loss: 74.8636
2025-11-07 18:58:52,627 - INFO - Epoch [14/20], Step [900/937], D Loss: 0.0000, G Loss: 74.8134
2025-11-07 18:58:52,884 - INFO - Saved checkpoint at epoch 14
2025-11-07 18:58:52,952 - INFO - Epoch [15/20], Step [0/937], D Loss: 0.0000, G Loss: 74.8121
2025-11-07 18:58:53,549 - INFO - Epoch [15/20], Step [100/937], D Loss: 0.0000, G Loss: 74.9036
2025-11-07 18:58:54,150 - INFO - Epoch [15/20], Step [200/937], D Loss: 0.0000, G Loss: 75.0758
2025-11-07 18:58:54,746 - INFO - Epoch [15/20], Step [300/937], D Loss: 0.0000, G Loss: 74.9985
2025-11-07 18:58:55,320 - INFO - Epoch [15/20], Step [400/937], D Loss: 0.0000, G Loss: 74.8760
2025-11-07 18:58:55,912 - INFO - Epoch [15/20], Step [500/937], D Loss: 0.0000, G Loss: 74.7750
2025-11-07 18:58:56,503 - INFO - Epoch [15/20], Step [600/937], D Loss: 0.0000, G Loss: 74.7659
2025-11-07 18:58:57,091 - INFO - Epoch [15/20], Step [700/937], D Loss: 0.0000, G Loss: 74.9607
2025-11-07 18:58:57,680 - INFO - Epoch [15/20], Step [800/937], D Loss: 0.0000, G Loss: 74.9216
2025-11-07 18:58:58,253 - INFO - Epoch [15/20], Step [900/937], D Loss: 0.0000, G Loss: 74.9213
2025-11-07 18:58:58,505 - INFO - Saved checkpoint at epoch 15
2025-11-07 18:58:58,572 - INFO - Epoch [16/20], Step [0/937], D Loss: 0.0000, G Loss: 75.0395
2025-11-07 18:58:59,153 - INFO - Epoch [16/20], Step [100/937], D Loss: 0.0000, G Loss: 74.7677
2025-11-07 18:58:59,733 - INFO - Epoch [16/20], Step [200/937], D Loss: 0.0000, G Loss: 74.9175
2025-11-07 18:59:00,312 - INFO - Epoch [16/20], Step [300/937], D Loss: 0.0000, G Loss: 75.0417
2025-11-07 18:59:00,897 - INFO - Epoch [16/20], Step [400/937], D Loss: 0.0000, G Loss: 74.8413
2025-11-07 18:59:01,478 - INFO - Epoch [16/20], Step [500/937], D Loss: 0.0000, G Loss: 74.9427
2025-11-07 18:59:02,078 - INFO - Epoch [16/20], Step [600/937], D Loss: 0.0000, G Loss: 74.8804
2025-11-07 18:59:02,654 - INFO - Epoch [16/20], Step [700/937], D Loss: 0.0000, G Loss: 74.9417
2025-11-07 18:59:03,263 - INFO - Epoch [16/20], Step [800/937], D Loss: 0.0000, G Loss: 74.6284
2025-11-07 18:59:03,861 - INFO - Epoch [16/20], Step [900/937], D Loss: 0.0000, G Loss: 74.6643
2025-11-07 18:59:04,105 - INFO - Saved checkpoint at epoch 16
2025-11-07 18:59:04,175 - INFO - Epoch [17/20], Step [0/937], D Loss: 0.0000, G Loss: 74.9083
2025-11-07 18:59:04,749 - INFO - Epoch [17/20], Step [100/937], D Loss: 0.0000, G Loss: 75.0086
2025-11-07 18:59:05,330 - INFO - Epoch [17/20], Step [200/937], D Loss: 0.0000, G Loss: 74.8079
2025-11-07 18:59:05,926 - INFO - Epoch [17/20], Step [300/937], D Loss: 0.0000, G Loss: 74.6822
2025-11-07 18:59:06,532 - INFO - Epoch [17/20], Step [400/937], D Loss: 0.0000, G Loss: 75.0297
2025-11-07 18:59:07,111 - INFO - Epoch [17/20], Step [500/937], D Loss: 0.0000, G Loss: 74.8105
2025-11-07 18:59:07,710 - INFO - Epoch [17/20], Step [600/937], D Loss: 0.0000, G Loss: 74.9515
2025-11-07 18:59:08,309 - INFO - Epoch [17/20], Step [700/937], D Loss: 0.0000, G Loss: 74.9577
2025-11-07 18:59:08,883 - INFO - Epoch [17/20], Step [800/937], D Loss: 0.0000, G Loss: 74.9406
2025-11-07 18:59:09,490 - INFO - Epoch [17/20], Step [900/937], D Loss: 0.0000, G Loss: 74.8741
2025-11-07 18:59:09,741 - INFO - Saved checkpoint at epoch 17
2025-11-07 18:59:09,811 - INFO - Epoch [18/20], Step [0/937], D Loss: 0.0000, G Loss: 74.8210
2025-11-07 18:59:10,397 - INFO - Epoch [18/20], Step [100/937], D Loss: 0.0000, G Loss: 74.8206
2025-11-07 18:59:10,990 - INFO - Epoch [18/20], Step [200/937], D Loss: 0.0000, G Loss: 75.0670
2025-11-07 18:59:11,558 - INFO - Epoch [18/20], Step [300/937], D Loss: 0.0000, G Loss: 75.0468
2025-11-07 18:59:12,156 - INFO - Epoch [18/20], Step [400/937], D Loss: 0.0000, G Loss: 74.7715
2025-11-07 18:59:12,743 - INFO - Epoch [18/20], Step [500/937], D Loss: 0.0000, G Loss: 74.6669
2025-11-07 18:59:13,327 - INFO - Epoch [18/20], Step [600/937], D Loss: 0.0000, G Loss: 74.7906
2025-11-07 18:59:13,945 - INFO - Epoch [18/20], Step [700/937], D Loss: 0.0000, G Loss: 74.9769
2025-11-07 18:59:14,538 - INFO - Epoch [18/20], Step [800/937], D Loss: 0.0000, G Loss: 74.9171
2025-11-07 18:59:15,174 - INFO - Epoch [18/20], Step [900/937], D Loss: 0.0000, G Loss: 74.8805
2025-11-07 18:59:15,433 - INFO - Saved checkpoint at epoch 18
2025-11-07 18:59:15,503 - INFO - Epoch [19/20], Step [0/937], D Loss: 0.0000, G Loss: 74.9074
2025-11-07 18:59:16,093 - INFO - Epoch [19/20], Step [100/937], D Loss: 0.0000, G Loss: 74.8923
2025-11-07 18:59:16,715 - INFO - Epoch [19/20], Step [200/937], D Loss: 0.0000, G Loss: 74.6842
2025-11-07 18:59:17,319 - INFO - Epoch [19/20], Step [300/937], D Loss: 0.0000, G Loss: 74.8135
2025-11-07 18:59:17,955 - INFO - Epoch [19/20], Step [400/937], D Loss: 0.0000, G Loss: 74.7453
2025-11-07 18:59:18,676 - INFO - Epoch [19/20], Step [500/937], D Loss: 0.0000, G Loss: 74.7953
2025-11-07 18:59:19,380 - INFO - Epoch [19/20], Step [600/937], D Loss: 0.0000, G Loss: 74.9316
2025-11-07 18:59:20,061 - INFO - Epoch [19/20], Step [700/937], D Loss: 0.0000, G Loss: 74.8761
2025-11-07 18:59:20,760 - INFO - Epoch [19/20], Step [800/937], D Loss: 0.0000, G Loss: 75.1099
2025-11-07 18:59:21,443 - INFO - Epoch [19/20], Step [900/937], D Loss: 0.0000, G Loss: 74.9155
2025-11-07 18:59:21,730 - INFO - Saved checkpoint at epoch 19
2025-11-07 18:59:21,731 - INFO - Training completed successfully
2025-11-07 18:59:21,731 - INFO - Cleanup completed
